Logfile initialized
[INFO] logfile = C:\Users\Mat\My Documents\Titanium_Studio_Workspace\example\build.log
[DEBUG] C:\Users\Mat\AppData\Roaming\Titanium\mobilesdk\win32\2.1.3.GA\android\builder.py simulator example c:\android C:\Users\Mat\My Documents\Titanium_Studio_Workspace\example example.com 5 WVGA854
[INFO] Building example for Android ... one moment
[INFO] Titanium SDK version: 2.1.3 (10/02/12 16:16 15997d0)
[DEBUG] Waiting for device to be ready ...
[TRACE] adb devices returned 1 devices/emulators
[TRACE] adb devices returned 1 devices/emulators
[TRACE] adb devices returned 1 devices/emulators
[DEBUG] Device connected... (waited 10 seconds)
[DEBUG] waited 10.079000 seconds on emulator to get ready
[INFO] Waiting for the Android Emulator to become available
[DEBUG] example.com installed? True
[INFO] Fastdev server running, deploying in Fastdev mode
[INFO] Copying CommonJS modules...
[INFO] Copying project resources..
[TRACE] COPYING MODIFIED FILE: C:\Users\Mat\My Documents\Titanium_Studio_Workspace\example\Resources\app.js => C:\Users\Mat\My Documents\Titanium_Studio_Workspace\example\build\android\bin\assets\Resources\app.js
[INFO] Tiapp.xml unchanged, skipping class generation
[DEBUG] Processing Android resource drawables
[DEBUG] found drawable-long-land-hdpi splash screen at C:\Users\Mat\My Documents\Titanium_Studio_Workspace\example\Resources\android\images\res-long-land-hdpi\default.png
[DEBUG] found drawable-long-land-ldpi splash screen at C:\Users\Mat\My Documents\Titanium_Studio_Workspace\example\Resources\android\images\res-long-land-ldpi\default.png
[DEBUG] found drawable-long-port-hdpi splash screen at C:\Users\Mat\My Documents\Titanium_Studio_Workspace\example\Resources\android\images\res-long-port-hdpi\default.png
[DEBUG] found drawable-long-port-ldpi splash screen at C:\Users\Mat\My Documents\Titanium_Studio_Workspace\example\Resources\android\images\res-long-port-ldpi\default.png
[DEBUG] found drawable-notlong-land-hdpi splash screen at C:\Users\Mat\My Documents\Titanium_Studio_Workspace\example\Resources\android\images\res-notlong-land-hdpi\default.png
[DEBUG] found drawable-notlong-land-ldpi splash screen at C:\Users\Mat\My Documents\Titanium_Studio_Workspace\example\Resources\android\images\res-notlong-land-ldpi\default.png
[DEBUG] found drawable-notlong-land-mdpi splash screen at C:\Users\Mat\My Documents\Titanium_Studio_Workspace\example\Resources\android\images\res-notlong-land-mdpi\default.png
[DEBUG] found drawable-notlong-port-hdpi splash screen at C:\Users\Mat\My Documents\Titanium_Studio_Workspace\example\Resources\android\images\res-notlong-port-hdpi\default.png
[DEBUG] found drawable-notlong-port-ldpi splash screen at C:\Users\Mat\My Documents\Titanium_Studio_Workspace\example\Resources\android\images\res-notlong-port-ldpi\default.png
[DEBUG] found drawable-notlong-port-mdpi splash screen at C:\Users\Mat\My Documents\Titanium_Studio_Workspace\example\Resources\android\images\res-notlong-port-mdpi\default.png
[INFO] Waiting for SDCard to become available..
[INFO] Re-launching application ... example
[INFO] Launching application ... example
[TRACE] Launch output: Starting: Intent { act=android.intent.action.MAIN cat=[android.intent.category.LAUNCHER] flg=0x10200000 cmp=example.com/.ExampleActivity }

